<?xml version="1.0" encoding="UTF-8"?>
<!-- Generated by org.testng.reporters.JUnitReportReporter -->
<testsuite skipped="0" hostname="LAPTOP-JEI8AS0O" name="testcases.SecondTestClass" tests="1" failures="0" timestamp="15 Dec 2019 19:54:53 GMT" time="0.002" errors="0">
  <testcase name="f" time="0.002" classname="testcases.SecondTestClass"/>
</testsuite> <!-- testcases.SecondTestClass -->
